2024-07-21 13:16:56,766 [Worker-4: Loading available Gradle versions] INFO  o.e.b.c.i.u.g.PublishedGradleVersions - Gradle version information cache is out-of-date. Trying to update.
2024-07-21 13:17:57,209 [Worker-8: Launching mavenrun-046281fb-f458-4822-aa1f-0da26ac1d661] INFO  o.eclipse.m2e.core.internal.Bundles - getClasspathEntries(Bundle=org.eclipse.m2e.maven.runtime_3.9.700.20240602-2313 [991])
2024-07-21 13:17:57,219 [Worker-8: Launching mavenrun-046281fb-f458-4822-aa1f-0da26ac1d661] INFO  o.eclipse.m2e.core.internal.Bundles - 	Entry: C:\Users\pruth\.p2\pool\plugins\org.eclipse.m2e.maven.runtime_3.9.700.20240602-2313
2024-07-21 13:17:57,220 [Worker-8: Launching mavenrun-046281fb-f458-4822-aa1f-0da26ac1d661] INFO  o.eclipse.m2e.core.internal.Bundles - 	Entry: C:\Users\pruth\.p2\pool\plugins\org.eclipse.m2e.maven.runtime_3.9.700.20240602-2313\jars\aopalliance-1.0.jar
2024-07-21 13:17:57,222 [Worker-8: Launching mavenrun-046281fb-f458-4822-aa1f-0da26ac1d661] INFO  o.eclipse.m2e.core.internal.Bundles - 	Entry: C:\Users\pruth\.p2\pool\plugins\org.eclipse.m2e.maven.runtime_3.9.700.20240602-2313\jars\guice-5.1.0.jar
2024-07-21 13:17:57,223 [Worker-8: Launching mavenrun-046281fb-f458-4822-aa1f-0da26ac1d661] INFO  o.eclipse.m2e.core.internal.Bundles - 	Entry: C:\Users\pruth\.p2\pool\plugins\org.eclipse.m2e.maven.runtime_3.9.700.20240602-2313\jars\httpclient-4.5.14.jar
2024-07-21 13:17:57,223 [Worker-8: Launching mavenrun-046281fb-f458-4822-aa1f-0da26ac1d661] INFO  o.eclipse.m2e.core.internal.Bundles - 	Entry: C:\Users\pruth\.p2\pool\plugins\org.eclipse.m2e.maven.runtime_3.9.700.20240602-2313\jars\httpcore-4.4.16.jar
2024-07-21 13:17:57,224 [Worker-8: Launching mavenrun-046281fb-f458-4822-aa1f-0da26ac1d661] INFO  o.eclipse.m2e.core.internal.Bundles - 	Entry: C:\Users\pruth\.p2\pool\plugins\org.eclipse.m2e.maven.runtime_3.9.700.20240602-2313\jars\jansi-2.4.1.jar
2024-07-21 13:17:57,224 [Worker-8: Launching mavenrun-046281fb-f458-4822-aa1f-0da26ac1d661] INFO  o.eclipse.m2e.core.internal.Bundles - 	Entry: C:\Users\pruth\.p2\pool\plugins\org.eclipse.m2e.maven.runtime_3.9.700.20240602-2313\jars\jcl-over-slf4j-1.7.36.jar
2024-07-21 13:17:57,226 [Worker-8: Launching mavenrun-046281fb-f458-4822-aa1f-0da26ac1d661] INFO  o.eclipse.m2e.core.internal.Bundles - 	Entry: C:\Users\pruth\.p2\pool\plugins\org.eclipse.m2e.maven.runtime_3.9.700.20240602-2313\jars\maven-artifact-3.9.7.jar
2024-07-21 13:17:57,227 [Worker-8: Launching mavenrun-046281fb-f458-4822-aa1f-0da26ac1d661] INFO  o.eclipse.m2e.core.internal.Bundles - 	Entry: C:\Users\pruth\.p2\pool\plugins\org.eclipse.m2e.maven.runtime_3.9.700.20240602-2313\jars\maven-builder-support-3.9.7.jar
2024-07-21 13:17:57,228 [Worker-8: Launching mavenrun-046281fb-f458-4822-aa1f-0da26ac1d661] INFO  o.eclipse.m2e.core.internal.Bundles - 	Entry: C:\Users\pruth\.p2\pool\plugins\org.eclipse.m2e.maven.runtime_3.9.700.20240602-2313\jars\maven-compat-3.9.7.jar
2024-07-21 13:17:57,228 [Worker-8: Launching mavenrun-046281fb-f458-4822-aa1f-0da26ac1d661] INFO  o.eclipse.m2e.core.internal.Bundles - 	Entry: C:\Users\pruth\.p2\pool\plugins\org.eclipse.m2e.maven.runtime_3.9.700.20240602-2313\jars\maven-core-3.9.7.jar
2024-07-21 13:17:57,229 [Worker-8: Launching mavenrun-046281fb-f458-4822-aa1f-0da26ac1d661] INFO  o.eclipse.m2e.core.internal.Bundles - 	Entry: C:\Users\pruth\.p2\pool\plugins\org.eclipse.m2e.maven.runtime_3.9.700.20240602-2313\jars\maven-embedder-3.9.7.jar
2024-07-21 13:17:57,229 [Worker-8: Launching mavenrun-046281fb-f458-4822-aa1f-0da26ac1d661] INFO  o.eclipse.m2e.core.internal.Bundles - 	Entry: C:\Users\pruth\.p2\pool\plugins\org.eclipse.m2e.maven.runtime_3.9.700.20240602-2313\jars\maven-model-3.9.7.jar
2024-07-21 13:17:57,229 [Worker-8: Launching mavenrun-046281fb-f458-4822-aa1f-0da26ac1d661] INFO  o.eclipse.m2e.core.internal.Bundles - 	Entry: C:\Users\pruth\.p2\pool\plugins\org.eclipse.m2e.maven.runtime_3.9.700.20240602-2313\jars\maven-model-builder-3.9.7.jar
2024-07-21 13:17:57,247 [Worker-8: Launching mavenrun-046281fb-f458-4822-aa1f-0da26ac1d661] INFO  o.eclipse.m2e.core.internal.Bundles - 	Entry: C:\Users\pruth\.p2\pool\plugins\org.eclipse.m2e.maven.runtime_3.9.700.20240602-2313\jars\maven-plugin-api-3.9.7.jar
2024-07-21 13:17:57,248 [Worker-8: Launching mavenrun-046281fb-f458-4822-aa1f-0da26ac1d661] INFO  o.eclipse.m2e.core.internal.Bundles - 	Entry: C:\Users\pruth\.p2\pool\plugins\org.eclipse.m2e.maven.runtime_3.9.700.20240602-2313\jars\maven-repository-metadata-3.9.7.jar
2024-07-21 13:17:57,248 [Worker-8: Launching mavenrun-046281fb-f458-4822-aa1f-0da26ac1d661] INFO  o.eclipse.m2e.core.internal.Bundles - 	Entry: C:\Users\pruth\.p2\pool\plugins\org.eclipse.m2e.maven.runtime_3.9.700.20240602-2313\jars\maven-resolver-api-1.9.20.jar
2024-07-21 13:17:57,249 [Worker-8: Launching mavenrun-046281fb-f458-4822-aa1f-0da26ac1d661] INFO  o.eclipse.m2e.core.internal.Bundles - 	Entry: C:\Users\pruth\.p2\pool\plugins\org.eclipse.m2e.maven.runtime_3.9.700.20240602-2313\jars\maven-resolver-connector-basic-1.9.20.jar
2024-07-21 13:17:57,249 [Worker-8: Launching mavenrun-046281fb-f458-4822-aa1f-0da26ac1d661] INFO  o.eclipse.m2e.core.internal.Bundles - 	Entry: C:\Users\pruth\.p2\pool\plugins\org.eclipse.m2e.maven.runtime_3.9.700.20240602-2313\jars\maven-resolver-impl-1.9.20.jar
2024-07-21 13:17:57,250 [Worker-8: Launching mavenrun-046281fb-f458-4822-aa1f-0da26ac1d661] INFO  o.eclipse.m2e.core.internal.Bundles - 	Entry: C:\Users\pruth\.p2\pool\plugins\org.eclipse.m2e.maven.runtime_3.9.700.20240602-2313\jars\maven-resolver-named-locks-1.9.20.jar
2024-07-21 13:17:57,251 [Worker-8: Launching mavenrun-046281fb-f458-4822-aa1f-0da26ac1d661] INFO  o.eclipse.m2e.core.internal.Bundles - 	Entry: C:\Users\pruth\.p2\pool\plugins\org.eclipse.m2e.maven.runtime_3.9.700.20240602-2313\jars\maven-resolver-provider-3.9.7.jar
2024-07-21 13:17:57,252 [Worker-8: Launching mavenrun-046281fb-f458-4822-aa1f-0da26ac1d661] INFO  o.eclipse.m2e.core.internal.Bundles - 	Entry: C:\Users\pruth\.p2\pool\plugins\org.eclipse.m2e.maven.runtime_3.9.700.20240602-2313\jars\maven-resolver-spi-1.9.20.jar
2024-07-21 13:17:57,253 [Worker-8: Launching mavenrun-046281fb-f458-4822-aa1f-0da26ac1d661] INFO  o.eclipse.m2e.core.internal.Bundles - 	Entry: C:\Users\pruth\.p2\pool\plugins\org.eclipse.m2e.maven.runtime_3.9.700.20240602-2313\jars\maven-resolver-transport-file-1.9.20.jar
2024-07-21 13:17:57,254 [Worker-8: Launching mavenrun-046281fb-f458-4822-aa1f-0da26ac1d661] INFO  o.eclipse.m2e.core.internal.Bundles - 	Entry: C:\Users\pruth\.p2\pool\plugins\org.eclipse.m2e.maven.runtime_3.9.700.20240602-2313\jars\maven-resolver-transport-http-1.9.20.jar
2024-07-21 13:17:57,254 [Worker-8: Launching mavenrun-046281fb-f458-4822-aa1f-0da26ac1d661] INFO  o.eclipse.m2e.core.internal.Bundles - 	Entry: C:\Users\pruth\.p2\pool\plugins\org.eclipse.m2e.maven.runtime_3.9.700.20240602-2313\jars\maven-resolver-transport-wagon-1.9.20.jar
2024-07-21 13:17:57,254 [Worker-8: Launching mavenrun-046281fb-f458-4822-aa1f-0da26ac1d661] INFO  o.eclipse.m2e.core.internal.Bundles - 	Entry: C:\Users\pruth\.p2\pool\plugins\org.eclipse.m2e.maven.runtime_3.9.700.20240602-2313\jars\maven-resolver-util-1.9.20.jar
2024-07-21 13:17:57,257 [Worker-8: Launching mavenrun-046281fb-f458-4822-aa1f-0da26ac1d661] INFO  o.eclipse.m2e.core.internal.Bundles - 	Entry: C:\Users\pruth\.p2\pool\plugins\org.eclipse.m2e.maven.runtime_3.9.700.20240602-2313\jars\maven-settings-3.9.7.jar
2024-07-21 13:17:57,258 [Worker-8: Launching mavenrun-046281fb-f458-4822-aa1f-0da26ac1d661] INFO  o.eclipse.m2e.core.internal.Bundles - 	Entry: C:\Users\pruth\.p2\pool\plugins\org.eclipse.m2e.maven.runtime_3.9.700.20240602-2313\jars\maven-settings-builder-3.9.7.jar
2024-07-21 13:17:57,258 [Worker-8: Launching mavenrun-046281fb-f458-4822-aa1f-0da26ac1d661] INFO  o.eclipse.m2e.core.internal.Bundles - 	Entry: C:\Users\pruth\.p2\pool\plugins\org.eclipse.m2e.maven.runtime_3.9.700.20240602-2313\jars\maven-shared-utils-3.4.2.jar
2024-07-21 13:17:57,260 [Worker-8: Launching mavenrun-046281fb-f458-4822-aa1f-0da26ac1d661] INFO  o.eclipse.m2e.core.internal.Bundles - 	Entry: C:\Users\pruth\.p2\pool\plugins\org.eclipse.m2e.maven.runtime_3.9.700.20240602-2313\jars\org.eclipse.sisu.inject-0.9.0.M2.jar
2024-07-21 13:17:57,261 [Worker-8: Launching mavenrun-046281fb-f458-4822-aa1f-0da26ac1d661] INFO  o.eclipse.m2e.core.internal.Bundles - 	Entry: C:\Users\pruth\.p2\pool\plugins\org.eclipse.m2e.maven.runtime_3.9.700.20240602-2313\jars\org.eclipse.sisu.plexus-0.9.0.M2.jar
2024-07-21 13:17:57,262 [Worker-8: Launching mavenrun-046281fb-f458-4822-aa1f-0da26ac1d661] INFO  o.eclipse.m2e.core.internal.Bundles - 	Entry: C:\Users\pruth\.p2\pool\plugins\org.eclipse.m2e.maven.runtime_3.9.700.20240602-2313\jars\plexus-build-api-0.0.7.jar
2024-07-21 13:17:57,266 [Worker-8: Launching mavenrun-046281fb-f458-4822-aa1f-0da26ac1d661] INFO  o.eclipse.m2e.core.internal.Bundles - 	Entry: C:\Users\pruth\.p2\pool\plugins\org.eclipse.m2e.maven.runtime_3.9.700.20240602-2313\jars\plexus-build-api-1.2.0.jar
2024-07-21 13:17:57,267 [Worker-8: Launching mavenrun-046281fb-f458-4822-aa1f-0da26ac1d661] INFO  o.eclipse.m2e.core.internal.Bundles - 	Entry: C:\Users\pruth\.p2\pool\plugins\org.eclipse.m2e.maven.runtime_3.9.700.20240602-2313\jars\plexus-cipher-2.0.jar
2024-07-21 13:17:57,267 [Worker-8: Launching mavenrun-046281fb-f458-4822-aa1f-0da26ac1d661] INFO  o.eclipse.m2e.core.internal.Bundles - 	Entry: C:\Users\pruth\.p2\pool\plugins\org.eclipse.m2e.maven.runtime_3.9.700.20240602-2313\jars\plexus-classworlds-2.8.0.jar
2024-07-21 13:17:57,269 [Worker-8: Launching mavenrun-046281fb-f458-4822-aa1f-0da26ac1d661] INFO  o.eclipse.m2e.core.internal.Bundles - 	Entry: C:\Users\pruth\.p2\pool\plugins\org.eclipse.m2e.maven.runtime_3.9.700.20240602-2313\jars\plexus-component-annotations-2.1.0.jar
2024-07-21 13:17:57,270 [Worker-8: Launching mavenrun-046281fb-f458-4822-aa1f-0da26ac1d661] INFO  o.eclipse.m2e.core.internal.Bundles - 	Entry: C:\Users\pruth\.p2\pool\plugins\org.eclipse.m2e.maven.runtime_3.9.700.20240602-2313\jars\plexus-interpolation-1.27.jar
2024-07-21 13:17:57,271 [Worker-8: Launching mavenrun-046281fb-f458-4822-aa1f-0da26ac1d661] INFO  o.eclipse.m2e.core.internal.Bundles - 	Entry: C:\Users\pruth\.p2\pool\plugins\org.eclipse.m2e.maven.runtime_3.9.700.20240602-2313\jars\plexus-sec-dispatcher-2.0.jar
2024-07-21 13:17:57,273 [Worker-8: Launching mavenrun-046281fb-f458-4822-aa1f-0da26ac1d661] INFO  o.eclipse.m2e.core.internal.Bundles - 	Entry: C:\Users\pruth\.p2\pool\plugins\org.eclipse.m2e.maven.runtime_3.9.700.20240602-2313\jars\plexus-utils-3.5.1.jar
2024-07-21 13:17:57,274 [Worker-8: Launching mavenrun-046281fb-f458-4822-aa1f-0da26ac1d661] INFO  o.eclipse.m2e.core.internal.Bundles - 	Entry: C:\Users\pruth\.p2\pool\plugins\org.eclipse.m2e.maven.runtime_3.9.700.20240602-2313\jars\wagon-file-3.5.3.jar
2024-07-21 13:17:57,276 [Worker-8: Launching mavenrun-046281fb-f458-4822-aa1f-0da26ac1d661] INFO  o.eclipse.m2e.core.internal.Bundles - 	Entry: C:\Users\pruth\.p2\pool\plugins\org.eclipse.m2e.maven.runtime_3.9.700.20240602-2313\jars\wagon-http-3.5.3.jar
2024-07-21 13:17:57,278 [Worker-8: Launching mavenrun-046281fb-f458-4822-aa1f-0da26ac1d661] INFO  o.eclipse.m2e.core.internal.Bundles - 	Entry: C:\Users\pruth\.p2\pool\plugins\org.eclipse.m2e.maven.runtime_3.9.700.20240602-2313\jars\wagon-http-shared-3.5.3.jar
2024-07-21 13:17:57,278 [Worker-8: Launching mavenrun-046281fb-f458-4822-aa1f-0da26ac1d661] INFO  o.eclipse.m2e.core.internal.Bundles - 	Entry: C:\Users\pruth\.p2\pool\plugins\org.eclipse.m2e.maven.runtime_3.9.700.20240602-2313\jars\wagon-provider-api-3.5.3.jar
2024-07-21 13:17:57,283 [Worker-8: Launching mavenrun-046281fb-f458-4822-aa1f-0da26ac1d661] INFO  o.eclipse.m2e.core.internal.Bundles - getClasspathEntries(Bundle=com.google.guava_33.2.0.jre [789])
2024-07-21 13:17:57,287 [Worker-8: Launching mavenrun-046281fb-f458-4822-aa1f-0da26ac1d661] INFO  o.eclipse.m2e.core.internal.Bundles - 	Entry: C:\Users\pruth\.p2\pool\plugins\com.google.guava_33.2.0.jre.jar
2024-07-21 13:17:57,288 [Worker-8: Launching mavenrun-046281fb-f458-4822-aa1f-0da26ac1d661] INFO  o.eclipse.m2e.core.internal.Bundles - getClasspathEntries(Bundle=slf4j.api_2.0.13 [540])
2024-07-21 13:17:57,289 [Worker-8: Launching mavenrun-046281fb-f458-4822-aa1f-0da26ac1d661] INFO  o.eclipse.m2e.core.internal.Bundles - 	Entry: C:\Users\pruth\.p2\pool\plugins\slf4j.api_2.0.13.jar
2024-07-21 13:17:57,289 [Worker-8: Launching mavenrun-046281fb-f458-4822-aa1f-0da26ac1d661] INFO  o.eclipse.m2e.core.internal.Bundles - getClasspathEntries(Bundle=jakarta.inject.jakarta.inject-api_1.0.5 [22])
2024-07-21 13:17:57,290 [Worker-8: Launching mavenrun-046281fb-f458-4822-aa1f-0da26ac1d661] INFO  o.eclipse.m2e.core.internal.Bundles - 	Entry: C:\Users\pruth\.p2\pool\plugins\jakarta.inject.jakarta.inject-api_1.0.5.jar
2024-07-21 13:17:57,291 [Worker-8: Launching mavenrun-046281fb-f458-4822-aa1f-0da26ac1d661] INFO  o.eclipse.m2e.core.internal.Bundles - getClasspathEntries(Bundle=javax.annotation_1.3.5.v20200909-1856 [758])
2024-07-21 13:17:57,292 [Worker-8: Launching mavenrun-046281fb-f458-4822-aa1f-0da26ac1d661] INFO  o.eclipse.m2e.core.internal.Bundles - 	Entry: C:\Users\pruth\.p2\pool\plugins\javax.annotation_1.3.5.v20200909-1856.jar
2024-07-21 13:17:57,292 [Worker-8: Launching mavenrun-046281fb-f458-4822-aa1f-0da26ac1d661] INFO  o.eclipse.m2e.core.internal.Bundles - getClasspathEntries(Bundle=org.apache.commons.cli_1.8.0 [795])
2024-07-21 13:17:57,293 [Worker-8: Launching mavenrun-046281fb-f458-4822-aa1f-0da26ac1d661] INFO  o.eclipse.m2e.core.internal.Bundles - 	Entry: C:\Users\pruth\.p2\pool\plugins\org.apache.commons.cli_1.8.0.jar
2024-07-21 13:17:57,293 [Worker-8: Launching mavenrun-046281fb-f458-4822-aa1f-0da26ac1d661] INFO  o.eclipse.m2e.core.internal.Bundles - getClasspathEntries(Bundle=org.apache.commons.commons-codec_1.16.0 [47])
2024-07-21 13:17:57,295 [Worker-8: Launching mavenrun-046281fb-f458-4822-aa1f-0da26ac1d661] INFO  o.eclipse.m2e.core.internal.Bundles - 	Entry: C:\Users\pruth\.p2\pool\plugins\org.apache.commons.commons-codec_1.16.0.jar
2024-07-21 13:17:57,297 [Worker-8: Launching mavenrun-046281fb-f458-4822-aa1f-0da26ac1d661] INFO  o.eclipse.m2e.core.internal.Bundles - getClasspathEntries(Bundle=org.apache.commons.lang3_3.14.0 [53])
2024-07-21 13:17:57,299 [Worker-8: Launching mavenrun-046281fb-f458-4822-aa1f-0da26ac1d661] INFO  o.eclipse.m2e.core.internal.Bundles - 	Entry: C:\Users\pruth\.p2\pool\plugins\org.apache.commons.lang3_3.14.0.jar
2024-07-21 13:17:57,299 [Worker-8: Launching mavenrun-046281fb-f458-4822-aa1f-0da26ac1d661] INFO  o.eclipse.m2e.core.internal.Bundles - getClasspathEntries(Bundle=com.google.guava.failureaccess_1.0.2 [11])
2024-07-21 13:17:57,301 [Worker-8: Launching mavenrun-046281fb-f458-4822-aa1f-0da26ac1d661] INFO  o.eclipse.m2e.core.internal.Bundles - 	Entry: C:\Users\pruth\.p2\pool\plugins\com.google.guava.failureaccess_1.0.2.jar
2024-07-21 13:17:57,328 [Worker-8: Launching mavenrun-046281fb-f458-4822-aa1f-0da26ac1d661] INFO  o.e.m.i.launch.MavenLaunchDelegate - Run build in "C:\Users\pruth\AppData\Local\Temp\m2e-archetypeGenerator52646405249621851":
2024-07-21 13:17:57,353 [Worker-8: Launching mavenrun-046281fb-f458-4822-aa1f-0da26ac1d661] INFO  o.e.m.i.launch.MavenLaunchDelegate -  mvn  -DarchetypeGroupId=org.apache.maven.archetypes -DarchetypeArtifactId=maven-archetype-quickstart -DarchetypeVersion=1.1 -DgroupId=com.cogmento -DartifactId=cogmento -Dversion=0.0.1-SNAPSHOT -Dpackage=com.cogmento.cogmento -DoutputDirectory=C:\Users\pruth\Desktop\teamLeader -Dstyle.color=always -U archetype:generate
2024-07-21 13:18:43,990 [Worker-7: Creating maven-archetype-quickstart] INFO  o.e.m.c.i.p.ProjectConfigurationManager - Collecting project info '/pom.xml' C:\Users\pruth\Desktop\teamLeader\cogmento\pom.xml
2024-07-21 13:18:49,094 [Worker-7: Creating maven-archetype-quickstart] INFO  o.e.m.c.i.l.LifecycleMappingFactory - Using org.eclipse.m2e.jdt.JarLifecycleMapping lifecycle mapping for MavenProject: com.cogmento:cogmento:0.0.1-SNAPSHOT @ C:\Users\pruth\Desktop\teamLeader\cogmento\pom.xml.
2024-07-21 13:18:53,665 [Worker-7: Creating maven-archetype-quickstart] INFO  o.e.m.j.i.AbstractJavaProjectConfigurator - Adding source folder /cogmento/src/main/java
2024-07-21 13:18:53,674 [Worker-7: Creating maven-archetype-quickstart] INFO  o.e.m.j.i.AbstractJavaProjectConfigurator - Adding resource folder /cogmento/src/main/resources
2024-07-21 13:18:53,694 [Worker-7: Creating maven-archetype-quickstart] INFO  o.e.m.j.i.AbstractJavaProjectConfigurator - Adding source folder /cogmento/src/test/java
2024-07-21 13:18:53,701 [Worker-7: Creating maven-archetype-quickstart] INFO  o.e.m.j.i.AbstractJavaProjectConfigurator - Adding resource folder /cogmento/src/test/resources
2024-07-21 13:18:54,259 [Worker-7: Creating maven-archetype-quickstart] INFO  o.e.m.c.i.p.ProjectConfigurationManager - Imported and configured 1 project(s) in 10 sec
2024-07-21 13:18:54,470 [Worker-12: Updating Maven Project] INFO  o.e.m.c.i.p.ProjectConfigurationManager - Update started
2024-07-21 13:18:55,415 [Worker-12: Updating Maven Project] INFO  o.e.m.c.i.l.LifecycleMappingFactory - Using org.eclipse.m2e.jdt.JarLifecycleMapping lifecycle mapping for MavenProject: com.cogmento:cogmento:0.0.1-SNAPSHOT @ C:\Users\pruth\Desktop\teamLeader\cogmento\pom.xml.
2024-07-21 13:18:56,052 [Worker-12: Updating Maven Project] INFO  o.e.m.j.i.AbstractJavaProjectConfigurator - Adding source folder /cogmento/src/main/java
2024-07-21 13:18:56,057 [Worker-12: Updating Maven Project] INFO  o.e.m.j.i.AbstractJavaProjectConfigurator - Adding resource folder /cogmento/src/main/resources
2024-07-21 13:18:56,058 [Worker-12: Updating Maven Project] INFO  o.e.m.j.i.AbstractJavaProjectConfigurator - Adding source folder /cogmento/src/test/java
2024-07-21 13:18:56,060 [Worker-12: Updating Maven Project] INFO  o.e.m.j.i.AbstractJavaProjectConfigurator - Adding resource folder /cogmento/src/test/resources
2024-07-21 13:18:57,374 [Worker-12: Updating Maven Project] INFO  o.e.m.c.i.p.ProjectConfigurationManager - Update completed for 1 poms: local refresh takes 0.00 sec, refresh facades takes 1.00 sec, update config takes 0.00 sec 
2024-07-21 13:18:59,197 [Worker-8: Building] INFO  o.a.m.s.f.DefaultMavenResourcesFiltering - skip non existing resourceDirectory C:\Users\pruth\Desktop\teamLeader\cogmento\src\main\resources
2024-07-21 13:18:59,208 [Worker-8: Building] INFO  o.a.m.s.f.DefaultMavenResourcesFiltering - skip non existing resourceDirectory C:\Users\pruth\Desktop\teamLeader\cogmento\src\test\resources
2024-07-21 13:19:15,866 [Worker-6: Building] INFO  o.a.m.s.f.DefaultMavenResourcesFiltering - skip non existing resourceDirectory C:\Users\pruth\Desktop\teamLeader\cogmento\src\main\resources
2024-07-21 13:19:15,872 [Worker-6: Building] INFO  o.a.m.s.f.DefaultMavenResourcesFiltering - skip non existing resourceDirectory C:\Users\pruth\Desktop\teamLeader\cogmento\src\test\resources
2024-07-21 13:19:23,964 [Worker-14: Building] INFO  o.a.m.s.f.DefaultMavenResourcesFiltering - skip non existing resourceDirectory C:\Users\pruth\Desktop\teamLeader\cogmento\src\main\resources
2024-07-21 13:19:23,981 [Worker-14: Building] INFO  o.a.m.s.f.DefaultMavenResourcesFiltering - skip non existing resourceDirectory C:\Users\pruth\Desktop\teamLeader\cogmento\src\test\resources
2024-07-21 13:20:24,751 [Worker-5: Building] INFO  o.a.m.s.f.DefaultMavenResourcesFiltering - skip non existing resourceDirectory C:\Users\pruth\Desktop\teamLeader\cogmento\src\main\resources
2024-07-21 13:20:24,760 [Worker-5: Building] INFO  o.a.m.s.f.DefaultMavenResourcesFiltering - skip non existing resourceDirectory C:\Users\pruth\Desktop\teamLeader\cogmento\src\test\resources
2024-07-21 13:21:27,232 [Worker-6: Building] INFO  o.a.m.s.f.DefaultMavenResourcesFiltering - skip non existing resourceDirectory C:\Users\pruth\Desktop\teamLeader\cogmento\src\main\resources
2024-07-21 13:21:27,239 [Worker-6: Building] INFO  o.a.m.s.f.DefaultMavenResourcesFiltering - skip non existing resourceDirectory C:\Users\pruth\Desktop\teamLeader\cogmento\src\test\resources
2024-07-21 13:29:24,123 [Worker-13: Building] INFO  o.e.m.c.i.l.LifecycleMappingFactory - Using org.eclipse.m2e.jdt.JarLifecycleMapping lifecycle mapping for MavenProject: com.cogmento:cogmento:0.0.1-SNAPSHOT @ C:\Users\pruth\Desktop\teamLeader\cogmento\pom.xml.
2024-07-21 13:29:32,255 [Worker-13: Building] INFO  o.a.m.s.f.DefaultMavenResourcesFiltering - skip non existing resourceDirectory C:\Users\pruth\Desktop\teamLeader\cogmento\src\main\resources
2024-07-21 13:29:32,266 [Worker-13: Building] INFO  o.a.m.s.f.DefaultMavenResourcesFiltering - skip non existing resourceDirectory C:\Users\pruth\Desktop\teamLeader\cogmento\src\test\resources
2024-07-21 13:29:37,031 [Worker-9: Building] INFO  o.a.m.s.f.DefaultMavenResourcesFiltering - skip non existing resourceDirectory C:\Users\pruth\Desktop\teamLeader\cogmento\src\main\resources
2024-07-21 13:29:37,037 [Worker-9: Building] INFO  o.a.m.s.f.DefaultMavenResourcesFiltering - skip non existing resourceDirectory C:\Users\pruth\Desktop\teamLeader\cogmento\src\test\resources
2024-07-21 13:32:06,767 [Worker-9: Building] INFO  o.a.m.s.f.DefaultMavenResourcesFiltering - skip non existing resourceDirectory C:\Users\pruth\Desktop\teamLeader\cogmento\src\main\resources
2024-07-21 13:32:06,796 [Worker-9: Building] INFO  o.a.m.s.f.DefaultMavenResourcesFiltering - skip non existing resourceDirectory C:\Users\pruth\Desktop\teamLeader\cogmento\src\test\resources
2024-07-21 13:33:17,154 [Worker-16: Updating Maven Dependencies] INFO  o.e.m.c.i.l.LifecycleMappingFactory - Using org.eclipse.m2e.jdt.JarLifecycleMapping lifecycle mapping for MavenProject: com.ComentoCRM:ComentoCRMApplication:0.0.1-SNAPSHOT @ C:\Users\pruth\Desktop\latestBDD\CogmentoCRMApplicatiomn\pom.xml.
2024-07-21 13:33:30,856 [Worker-8: Building] INFO  o.a.m.s.f.DefaultMavenResourcesFiltering - skip non existing resourceDirectory C:\Users\pruth\Desktop\latestBDD\CogmentoCRMApplicatiomn\src\main\resources
2024-07-21 13:33:30,864 [Worker-8: Building] INFO  o.a.m.s.f.DefaultMavenResourcesFiltering - skip non existing resourceDirectory C:\Users\pruth\Desktop\latestBDD\CogmentoCRMApplicatiomn\src\test\resources
